<?xml version="1.0" encoding="UTF-8"?>
<!-- Generated by org.testng.reporters.JUnitReportReporter -->
<testsuite hostname="YISRINIV-IN" failures="0" tests="4" name="com.qa.Test.TestOne" time="0.010" errors="0" timestamp="25 Nov 2020 09:53:52 GMT" skipped="0">
  <testcase classname="com.qa.Test.TestOne" name="sub" time="0.001"/>
  <testcase classname="com.qa.Test.TestOne" name="sum" time="0.000"/>
  <testcase classname="com.qa.Test.TestOne" name="mul" time="0.000"/>
  <testcase classname="com.qa.Test.TestOne" name="div" time="0.009"/>
</testsuite> <!-- com.qa.Test.TestOne -->
