<?xml version="1.0" encoding="UTF-8"?>
<!-- Generated by org.testng.reporters.JUnitReportReporter -->
<testsuite hostname="YISRINIV-IN" failures="0" tests="4" name="com.qa.Test.TestTwo" time="0.000" errors="0" timestamp="25 Nov 2020 09:53:52 GMT" skipped="0">
  <testcase classname="com.qa.Test.TestTwo" name="mul" time="0.000"/>
  <testcase classname="com.qa.Test.TestTwo" name="sum" time="0.000"/>
  <testcase classname="com.qa.Test.TestTwo" name="div" time="0.000"/>
  <testcase classname="com.qa.Test.TestTwo" name="sub" time="0.000"/>
</testsuite> <!-- com.qa.Test.TestTwo -->
